<?xml version="1.0" encoding="UTF-8"?>
<coverage generated="1490030072">
  <project timestamp="1490030072">
    <file name="/Users/joel/GitHub/apitest/content/web/application/hooks/DisplayHook.php">
      <class name="DisplayHook" namespace="global">
        <metrics methods="1" coveredmethods="0" conditionals="0" coveredconditionals="0" statements="7" coveredstatements="0" elements="8" coveredelements="0"/>
      </class>
      <line num="8" type="method" name="captureOutput" crap="6" count="0"/>
      <line num="9" type="stmt" count="0"/>
      <line num="10" type="stmt" count="0"/>
      <line num="11" type="stmt" count="0"/>
      <line num="13" type="stmt" count="0"/>
      <line num="14" type="stmt" count="0"/>
      <line num="15" type="stmt" count="0"/>
      <line num="16" type="stmt" count="0"/>
      <metrics loc="16" ncloc="12" classes="1" methods="1" coveredmethods="0" conditionals="0" coveredconditionals="0" statements="7" coveredstatements="0" elements="8" coveredelements="0"/>
    </file>
    <file name="/Users/joel/GitHub/apitest/content/web/application/models/tipocambio/Tipocambio_model.php">
      <class name="Tipocambio_model" namespace="global" fullPackage="Tipocambio">
        <metrics methods="4" coveredmethods="2" conditionals="0" coveredconditionals="0" statements="9" coveredstatements="5" elements="13" coveredelements="7"/>
      </class>
      <line num="2" type="stmt" count="1"/>
      <line num="3" type="stmt" count="1"/>
      <line num="7" type="method" name="__construct" crap="1" count="1"/>
      <line num="9" type="stmt" count="1"/>
      <line num="10" type="stmt" count="1"/>
      <line num="17" type="method" name="checkXRates" crap="2.86" count="1"/>
      <line num="21" type="stmt" count="1"/>
      <line num="22" type="stmt" count="1"/>
      <line num="23" type="stmt" count="0"/>
      <line num="25" type="stmt" count="0"/>
      <line num="27" type="stmt" count="0"/>
      <line num="35" type="method" name="xRateBanmexico" crap="1" count="1"/>
      <line num="37" type="stmt" count="1"/>
      <line num="45" type="method" name="xRateDof" crap="2" count="0"/>
      <line num="47" type="stmt" count="0"/>
      <metrics loc="48" ncloc="29" classes="1" methods="4" coveredmethods="2" conditionals="0" coveredconditionals="0" statements="11" coveredstatements="7" elements="15" coveredelements="9"/>
    </file>
    <metrics files="2" loc="64" ncloc="41" classes="2" methods="5" coveredmethods="2" conditionals="0" coveredconditionals="0" statements="18" coveredstatements="7" elements="23" coveredelements="9"/>
  </project>
</coverage>
