<?xml version="1.0" encoding="UTF-8"?>
<coverage generated="1490038092">
  <project timestamp="1490038092">
    <file name="/Users/joel/GitHub/phptest/content/web/application/models/tipocambio/Tipocambio_model.php">
      <class name="Tipocambio_model" namespace="global" fullPackage="Tipocambio">
        <metrics methods="4" coveredmethods="2" conditionals="0" coveredconditionals="0" statements="9" coveredstatements="5" elements="13" coveredelements="7"/>
      </class>
      <line num="3" type="stmt" count="1"/>
      <line num="4" type="stmt" count="1"/>
      <line num="8" type="method" name="__construct" crap="1" count="1"/>
      <line num="10" type="stmt" count="1"/>
      <line num="11" type="stmt" count="1"/>
      <line num="18" type="method" name="checkXRates" crap="2.86" count="1"/>
      <line num="22" type="stmt" count="1"/>
      <line num="23" type="stmt" count="1"/>
      <line num="24" type="stmt" count="0"/>
      <line num="26" type="stmt" count="0"/>
      <line num="28" type="stmt" count="0"/>
      <line num="36" type="method" name="xRateBanmexico" crap="1" count="1"/>
      <line num="38" type="stmt" count="1"/>
      <line num="46" type="method" name="xRateDof" crap="2" count="0"/>
      <line num="48" type="stmt" count="0"/>
      <metrics loc="49" ncloc="30" classes="1" methods="4" coveredmethods="2" conditionals="0" coveredconditionals="0" statements="11" coveredstatements="7" elements="15" coveredelements="9"/>
    </file>
    <metrics files="1" loc="49" ncloc="30" classes="1" methods="4" coveredmethods="2" conditionals="0" coveredconditionals="0" statements="11" coveredstatements="7" elements="15" coveredelements="9"/>
  </project>
</coverage>
